Compiling the CXX compiler identification source file "CMakeCXXCompilerId.cpp" failed.
Compiler: CMAKE_CXX_COMPILER-NOTFOUND 
Build flags: 
Id flags:  

The output was:
No such file or directory


Compiling the CXX compiler identification source file "CMakeCXXCompilerId.cpp" failed.
Compiler: CMAKE_CXX_COMPILER-NOTFOUND 
Build flags: 
Id flags: -c 

The output was:
No such file or directory


Compiling the CXX compiler identification source file "CMakeCXXCompilerId.cpp" failed.
Compiler: CMAKE_CXX_COMPILER-NOTFOUND 
Build flags: 
Id flags: --c++ 

The output was:
No such file or directory


Compiling the CXX compiler identification source file "CMakeCXXCompilerId.cpp" failed.
Compiler: CMAKE_CXX_COMPILER-NOTFOUND 
Build flags: 
Id flags: --ec++ 

The output was:
No such file or directory


Compiling the CXX compiler identification source file "CMakeCXXCompilerId.cpp" failed.
Compiler: CMAKE_CXX_COMPILER-NOTFOUND 
Build flags: 
Id flags: --target=arm-arm-none-eabi;-mcpu=cortex-m3 

The output was:
No such file or directory


Compiling the CXX compiler identification source file "CMakeCXXCompilerId.cpp" failed.
Compiler: CMAKE_CXX_COMPILER-NOTFOUND 
Build flags: 
Id flags:  

The output was:
No such file or directory


Compiling the CXX compiler identification source file "CMakeCXXCompilerId.cpp" failed.
Compiler: CMAKE_CXX_COMPILER-NOTFOUND 
Build flags: 
Id flags: -c 

The output was:
No such file or directory


Compiling the CXX compiler identification source file "CMakeCXXCompilerId.cpp" failed.
Compiler: CMAKE_CXX_COMPILER-NOTFOUND 
Build flags: 
Id flags: --c++ 

The output was:
No such file or directory


Compiling the CXX compiler identification source file "CMakeCXXCompilerId.cpp" failed.
Compiler: CMAKE_CXX_COMPILER-NOTFOUND 
Build flags: 
Id flags: --ec++ 

The output was:
No such file or directory


Compiling the CXX compiler identification source file "CMakeCXXCompilerId.cpp" failed.
Compiler: CMAKE_CXX_COMPILER-NOTFOUND 
Build flags: 
Id flags: --target=arm-arm-none-eabi;-mcpu=cortex-m3 

The output was:
No such file or directory


Performing C SOURCE FILE Test CMAKE_HAVE_LIBC_PTHREAD failed with the following output:
Change Dir: /home/pnatu/Work/thesis/srsLTE/build/CMakeFiles/CMakeTmp

Run Build Command(s):/usr/bin/make cmTC_56072/fast && /usr/bin/make -f CMakeFiles/cmTC_56072.dir/build.make CMakeFiles/cmTC_56072.dir/build
make[1]: Entering directory '/home/pnatu/Work/thesis/srsLTE/build/CMakeFiles/CMakeTmp'
Building C object CMakeFiles/cmTC_56072.dir/src.c.o
/usr/bin/cc   -DCMAKE_HAVE_LIBC_PTHREAD   -o CMakeFiles/cmTC_56072.dir/src.c.o   -c /home/pnatu/Work/thesis/srsLTE/build/CMakeFiles/CMakeTmp/src.c
Linking C executable cmTC_56072
/usr/bin/cmake -E cmake_link_script CMakeFiles/cmTC_56072.dir/link.txt --verbose=1
/usr/bin/cc  -DCMAKE_HAVE_LIBC_PTHREAD    -rdynamic CMakeFiles/cmTC_56072.dir/src.c.o  -o cmTC_56072 
/usr/bin/ld: CMakeFiles/cmTC_56072.dir/src.c.o: in function `main':
src.c:(.text+0x46): undefined reference to `pthread_create'
/usr/bin/ld: src.c:(.text+0x52): undefined reference to `pthread_detach'
/usr/bin/ld: src.c:(.text+0x63): undefined reference to `pthread_join'
collect2: error: ld returned 1 exit status
make[1]: *** [CMakeFiles/cmTC_56072.dir/build.make:87: cmTC_56072] Error 1
make[1]: Leaving directory '/home/pnatu/Work/thesis/srsLTE/build/CMakeFiles/CMakeTmp'
make: *** [Makefile:121: cmTC_56072/fast] Error 2


Source file was:
#include <pthread.h>

void* test_func(void* data)
{
  return data;
}

int main(void)
{
  pthread_t thread;
  pthread_create(&thread, NULL, test_func, NULL);
  pthread_detach(thread);
  pthread_join(thread, NULL);
  pthread_atfork(NULL, NULL, NULL);
  pthread_exit(NULL);

  return 0;
}

Determining if the function pthread_create exists in the pthreads failed with the following output:
Change Dir: /home/pnatu/Work/thesis/srsLTE/build/CMakeFiles/CMakeTmp

Run Build Command(s):/usr/bin/make cmTC_c655d/fast && /usr/bin/make -f CMakeFiles/cmTC_c655d.dir/build.make CMakeFiles/cmTC_c655d.dir/build
make[1]: Entering directory '/home/pnatu/Work/thesis/srsLTE/build/CMakeFiles/CMakeTmp'
Building C object CMakeFiles/cmTC_c655d.dir/CheckFunctionExists.c.o
/usr/bin/cc   -DCHECK_FUNCTION_EXISTS=pthread_create   -o CMakeFiles/cmTC_c655d.dir/CheckFunctionExists.c.o   -c /usr/share/cmake-3.16/Modules/CheckFunctionExists.c
Linking C executable cmTC_c655d
/usr/bin/cmake -E cmake_link_script CMakeFiles/cmTC_c655d.dir/link.txt --verbose=1
/usr/bin/cc  -DCHECK_FUNCTION_EXISTS=pthread_create    -rdynamic CMakeFiles/cmTC_c655d.dir/CheckFunctionExists.c.o  -o cmTC_c655d  -lpthreads 
/usr/bin/ld: cannot find -lpthreads
collect2: error: ld returned 1 exit status
make[1]: *** [CMakeFiles/cmTC_c655d.dir/build.make:87: cmTC_c655d] Error 1
make[1]: Leaving directory '/home/pnatu/Work/thesis/srsLTE/build/CMakeFiles/CMakeTmp'
make: *** [Makefile:121: cmTC_c655d/fast] Error 2



Performing C++ SOURCE FILE Test UHD_ENABLE_X300_FW_RESET failed with the following output:
Change Dir: /home/pnatu/Work/thesis/srsLTE/build/CMakeFiles/CMakeTmp

Run Build Command(s):/usr/bin/make cmTC_9e469/fast && /usr/bin/make -f CMakeFiles/cmTC_9e469.dir/build.make CMakeFiles/cmTC_9e469.dir/build
make[1]: Entering directory '/home/pnatu/Work/thesis/srsLTE/build/CMakeFiles/CMakeTmp'
Building CXX object CMakeFiles/cmTC_9e469.dir/src.cxx.o
/usr/bin/c++    -DUHD_ENABLE_X300_FW_RESET  -L/usr/lib/x86_64-linux-gnu   -o CMakeFiles/cmTC_9e469.dir/src.cxx.o -c /home/pnatu/Work/thesis/srsLTE/build/CMakeFiles/CMakeTmp/src.cxx
Linking CXX executable cmTC_9e469
/usr/bin/cmake -E cmake_link_script CMakeFiles/cmTC_9e469.dir/link.txt --verbose=1
/usr/bin/c++   -DUHD_ENABLE_X300_FW_RESET  -L/usr/lib/x86_64-linux-gnu    -rdynamic CMakeFiles/cmTC_9e469.dir/src.cxx.o  -o cmTC_9e469  -luhd -lboost_program_options -lboost_system 
/usr/bin/ld: cannot find -lboost_system
collect2: error: ld returned 1 exit status
make[1]: *** [CMakeFiles/cmTC_9e469.dir/build.make:87: cmTC_9e469] Error 1
make[1]: Leaving directory '/home/pnatu/Work/thesis/srsLTE/build/CMakeFiles/CMakeTmp'
make: *** [Makefile:121: cmTC_9e469/fast] Error 2


Source file was:
#include <uhd.h>
    #include <uhd/usrp/multi_usrp.hpp>
    #include <uhd/transport/udp_simple.hpp>

    uhd::wb_iface::sptr x300_make_ctrl_iface_enet(uhd::transport::udp_simple::sptr udp, bool enable_errors);

    uhd_error try_usrp_x300_reset()
    {
      uhd::transport::udp_simple::sptr udp_simple = uhd::transport::udp_simple::make_connected("", "49152");
      uhd::wb_iface::sptr x300_ctrl = x300_make_ctrl_iface_enet(udp_simple, true);
      x300_ctrl->poke32(0x100058, 1);
      return UHD_ERROR_NONE;
    }

    int main(int argc, char** argv)
    {
      try_usrp_x300_reset();
      return 0;
    }
Performing C++ SOURCE FILE Test UHD_ENABLE_RFNOC failed with the following output:
Change Dir: /home/pnatu/Work/thesis/srsLTE/build/CMakeFiles/CMakeTmp

Run Build Command(s):/usr/bin/make cmTC_c7eb8/fast && /usr/bin/make -f CMakeFiles/cmTC_c7eb8.dir/build.make CMakeFiles/cmTC_c7eb8.dir/build
make[1]: Entering directory '/home/pnatu/Work/thesis/srsLTE/build/CMakeFiles/CMakeTmp'
Building CXX object CMakeFiles/cmTC_c7eb8.dir/src.cxx.o
/usr/bin/c++    -DUHD_ENABLE_RFNOC  -L/usr/lib/x86_64-linux-gnu   -o CMakeFiles/cmTC_c7eb8.dir/src.cxx.o -c /home/pnatu/Work/thesis/srsLTE/build/CMakeFiles/CMakeTmp/src.cxx
Linking CXX executable cmTC_c7eb8
/usr/bin/cmake -E cmake_link_script CMakeFiles/cmTC_c7eb8.dir/link.txt --verbose=1
/usr/bin/c++   -DUHD_ENABLE_RFNOC  -L/usr/lib/x86_64-linux-gnu    -rdynamic CMakeFiles/cmTC_c7eb8.dir/src.cxx.o  -o cmTC_c7eb8  -luhd -lboost_program_options -lboost_system 
/usr/bin/ld: cannot find -lboost_system
collect2: error: ld returned 1 exit status
make[1]: *** [CMakeFiles/cmTC_c7eb8.dir/build.make:87: cmTC_c7eb8] Error 1
make[1]: Leaving directory '/home/pnatu/Work/thesis/srsLTE/build/CMakeFiles/CMakeTmp'
make: *** [Makefile:121: cmTC_c7eb8/fast] Error 2


Source file was:
#include <uhd.h>
    #include <uhd/device3.hpp>
    #include <uhd/rfnoc/ddc_block_ctrl.hpp>
    #include <uhd/rfnoc/radio_ctrl.hpp>

    static uhd::device3::sptr device3;
    static uhd::rfnoc::ddc_block_ctrl::sptr ddc_ctrl;
    static uhd::rfnoc::radio_ctrl::sptr radio_ctrl;

    uhd_error try_device3_ddc_ctrl()
    {
      ddc_ctrl = device3->get_block_ctrl<uhd::rfnoc::ddc_block_ctrl>(uhd::rfnoc::block_id_t("DDC_0"));
      return UHD_ERROR_NONE;
    }

    uhd_error try_device3_radio_ctrl()
    {
      radio_ctrl = device3->get_block_ctrl<uhd::rfnoc::radio_ctrl>(uhd::rfnoc::block_id_t("Radio_0"));
      return UHD_ERROR_NONE;
    }

    int main(int argc, char** argv)
    {
      try_device3_ddc_ctrl();
      try_device3_radio_ctrl();
      return 0;
    }
Performing C++ SOURCE FILE Test UHD_ENABLE_CUSTOM_RFNOC failed with the following output:
Change Dir: /home/pnatu/Work/thesis/srsLTE/build/CMakeFiles/CMakeTmp

Run Build Command(s):/usr/bin/make cmTC_3d4b5/fast && /usr/bin/make -f CMakeFiles/cmTC_3d4b5.dir/build.make CMakeFiles/cmTC_3d4b5.dir/build
make[1]: Entering directory '/home/pnatu/Work/thesis/srsLTE/build/CMakeFiles/CMakeTmp'
Building CXX object CMakeFiles/cmTC_3d4b5.dir/src.cxx.o
/usr/bin/c++    -DUHD_ENABLE_CUSTOM_RFNOC  -L/usr/lib/x86_64-linux-gnu   -o CMakeFiles/cmTC_3d4b5.dir/src.cxx.o -c /home/pnatu/Work/thesis/srsLTE/build/CMakeFiles/CMakeTmp/src.cxx
/home/pnatu/Work/thesis/srsLTE/build/CMakeFiles/CMakeTmp/src.cxx:3:14: fatal error: uhd/rfnoc/ddc_ch2_block_ctrl.hpp: No such file or directory
    3 |     #include <uhd/rfnoc/ddc_ch2_block_ctrl.hpp>
      |              ^~~~~~~~~~~~~~~~~~~~~~~~~~~~~~~~~~
compilation terminated.
make[1]: *** [CMakeFiles/cmTC_3d4b5.dir/build.make:66: CMakeFiles/cmTC_3d4b5.dir/src.cxx.o] Error 1
make[1]: Leaving directory '/home/pnatu/Work/thesis/srsLTE/build/CMakeFiles/CMakeTmp'
make: *** [Makefile:121: cmTC_3d4b5/fast] Error 2


Source file was:
#include <uhd.h>
    #include <uhd/device3.hpp>
    #include <uhd/rfnoc/ddc_ch2_block_ctrl.hpp>

    static uhd::device3::sptr device3;
    static uhd::rfnoc::ddc_ch2_block_ctrl::sptr ddc_ctrl;

    uhd_error try_device3_ddc_ch2_ctrl()
    {
      ddc_ctrl = device3->get_block_ctrl<uhd::rfnoc::ddc_ch2_block_ctrl>(uhd::rfnoc::block_id_t("DDCch2_0"));
      return UHD_ERROR_NONE;
    }

    int main(int argc, char** argv)
    {
      try_device3_ddc_ch2_ctrl();
      return 0;
    }
Performing C SOURCE FILE Test HAVE_AVX512 failed with the following output:
Change Dir: /home/pnatu/Work/thesis/srsLTE/build/CMakeFiles/CMakeTmp

Run Build Command(s):/usr/bin/make cmTC_2b7cb/fast && /usr/bin/make -f CMakeFiles/cmTC_2b7cb.dir/build.make CMakeFiles/cmTC_2b7cb.dir/build
make[1]: Entering directory '/home/pnatu/Work/thesis/srsLTE/build/CMakeFiles/CMakeTmp'
Building C object CMakeFiles/cmTC_2b7cb.dir/src.c.o
/usr/bin/cc   -Wno-unused-but-set-variable -DHAVE_AVX512 -mavx512f -mavx512cd -mavx512bw -mavx512dq -DLV_HAVE_AVX512   -o CMakeFiles/cmTC_2b7cb.dir/src.c.o   -c /home/pnatu/Work/thesis/srsLTE/build/CMakeFiles/CMakeTmp/src.c
Linking C executable cmTC_2b7cb
/usr/bin/cmake -E cmake_link_script CMakeFiles/cmTC_2b7cb.dir/link.txt --verbose=1
/usr/bin/cc  -Wno-unused-but-set-variable -DHAVE_AVX512 -mavx512f -mavx512cd -mavx512bw -mavx512dq -DLV_HAVE_AVX512    -rdynamic CMakeFiles/cmTC_2b7cb.dir/src.c.o  -o cmTC_2b7cb 
make[1]: Leaving directory '/home/pnatu/Work/thesis/srsLTE/build/CMakeFiles/CMakeTmp'


Return value: FAILED_TO_RUN
Source file was:

          #include <immintrin.h>
          int main()
          {
            __m512i a, b, c;
            const int src[16] = { 0x0, 0x1, 0x2, 0x3, 0x4, 0x5, 0x6, 0x7, 0x8 , 0x9, 0xA, 0xB, 0xC, 0xD, 0xE, 0xF};
            int dst[16];
            a =  _mm512_loadu_si512( (__m512i*)src );
            b =  _mm512_loadu_si512( (__m512i*)src );
            c = _mm512_add_epi32( a, b );
            _mm512_storeu_si512( (__m512i*)dst, c );
            int i = 0;
            for( i = 0; i < 16; i++ ){
              if( ( src[i] + src[i] ) != dst[i] ){
                return -1;
              }
            }
            return 0;
          }
